<?xml version="1.0" encoding="UTF-8"?>
<!-- Generated by org.testng.reporters.JUnitReportReporter -->
<testsuite hostname="NISHANT" failures="0" tests="1" name="TestNg.demo" time="0.016" errors="0" timestamp="2025-01-28T23:16:21 IST" skipped="0">
  <testcase classname="TestNg.demo" name="Demo" time="0.016"/>
  <system-out/>
</testsuite> <!-- TestNg.demo -->
